-------------------------------------------------------------------------------------------------------------------------
      name:  <unnamed>
       log:  /Users/gizemkilicgedik/Desktop/AppliedEmpirical/task_5/exercise2.log
  log type:  text
 opened on:   3 Oct 2023, 16:26:18

. 
. //exercise2.do
. 
. //Gizem Kilicgedik October 3, 2023
. 
. //This is the do file for Exercise 2(Out of sample prediction) in Task 5. In this exercise, we are using 1992-2002 grow
> th dataset. The goal is to use our estimated predictors from the 1992-2002 dataset to predict growth in 2002-2011.
. 
.         version 17

.         clear all

.         macro drop _all

.         set linesize 70  

.         set more off

.         set mem 500m
set memory ignored.
    Memory no longer needs to be set in modern Statas; memory
    adjustments are performed on the fly automatically.

.         set seed 19940103

. 
. *setting global directory path here
. 
.         global path "/Users/gizemkilicgedik/Desktop/AppliedEmpirical
> /task_5"

.         cd "$path" 
/Users/gizemkilicgedik/Desktop/AppliedEmpirical/task_5

. 
. *setting input and output path
. 
.         global inputpath "Raw"

.         global outputpath "Analysis/Output"

.         
. *importing the dataset  
. 
.         use "$inputpath/growthdata_92_02.dta", clear

.         
. /*** COMPARING DIFFERENT METHODS MSE on TESTING DATA ***/
. 
.         generate wave = 1

.         append using "$inputpath/growthdata02_11.dta"

.         replace wave = 2 if wave == .
(112 real changes made)

.         order iso3 growth

. 
. * Sample Selection Regression
. 
.         regress growth inflation regulation ln_y tfr fem_emp urban p
> residential law if wave == 2

      Source |       SS           df       MS      Number of obs   =  
>      112
-------------+----------------------------------   F(8, 103)       =  
>     6.09
       Model |  .024133065         8  .003016633   Prob > F        =  
>   0.0000
    Residual |  .051017475       103  .000495315   R-squared       =  
>   0.3211
-------------+----------------------------------   Adj R-squared   =  
>   0.2684
       Total |   .07515054       111  .000677032   Root MSE        =  
>   .02226

----------------------------------------------------------------------
> --------
      growth | Coefficient  Std. err.      t    P>|t|     [95% conf. i
> nterval]
-------------+--------------------------------------------------------
> --------
   inflation |   .0551947   .0538433     1.03   0.308    -.0515908    
> .1619801
  regulation |  -.0096237   .0064642    -1.49   0.140     -.022444    
> .0031965
        ln_y |  -.0076216   .0062633    -1.22   0.226    -.0200435    
> .0048002
         tfr |  -.0173341   .0039232    -4.42   0.000    -.0251149   -
> .0095533
     fem_emp |  -.0007539   .0023516    -0.32   0.749    -.0054178    
>   .00391
       urban |   .0017207   .0037181     0.46   0.644    -.0056532    
> .0090946
presidential |   .0059453   .0029547     2.01   0.047     .0000854    
> .0118053
         law |  -.0004987   .0062142    -0.08   0.936    -.0128231    
> .0118258
       _cons |   .0400989   .0110883     3.62   0.000     .0181078    
> .0620899
----------------------------------------------------------------------
> --------

.         regress growth inflation regulation ln_y tfr fem_emp urban p
> residential law if wave == 1

      Source |       SS           df       MS      Number of obs   =  
>      112
-------------+----------------------------------   F(8, 103)       =  
>    16.82
       Model |  .056164385         8  .007020548   Prob > F        =  
>   0.0000
    Residual |  .042995425       103  .000417431   R-squared       =  
>   0.5664
-------------+----------------------------------   Adj R-squared   =  
>   0.5327
       Total |   .09915981       111  .000893332   Root MSE        =  
>   .02043

----------------------------------------------------------------------
> --------
      growth | Coefficient  Std. err.      t    P>|t|     [95% conf. i
> nterval]
-------------+--------------------------------------------------------
> --------
   inflation |  -.0083245   .0017604    -4.73   0.000    -.0118158   -
> .0048333
  regulation |   .0090908   .0047955     1.90   0.061      -.00042    
> .0186016
        ln_y |  -.0276849    .004964    -5.58   0.000    -.0375298    
>  -.01784
         tfr |  -.0095937   .0037078    -2.59   0.011    -.0169473   -
> .0022401
     fem_emp |   -.007729   .0020399    -3.79   0.000    -.0117745   -
> .0036834
       urban |   .0070955   .0033332     2.13   0.036     .0004848    
> .0137062
presidential |  -.0057708   .0024307    -2.37   0.019    -.0105916   -
> .0009501
         law |   .0066058   .0049675     1.33   0.187     -.003246    
> .0164576
       _cons |   .0210796   .0021196     9.95   0.000     .0168758    
> .0252833
----------------------------------------------------------------------
> --------

.         predict growth_hat_selectsample, xb

.         egen mse_selectsample = total((growth_hat_selectsample - gro
> wth)^2), by(wave)

. 
. * Ridge Regression
. 
.         regress growth ext_bal inflation tot_emp competitiveness_exe
> c presidential stability effectiveness regulation law if wave == 2

      Source |       SS           df       MS      Number of obs   =  
>      112
-------------+----------------------------------   F(9, 102)       =  
>     3.84
       Model |  .019028323         9  .002114258   Prob > F        =  
>   0.0003
    Residual |  .056122217       102  .000550218   R-squared       =  
>   0.2532
-------------+----------------------------------   Adj R-squared   =  
>   0.1873
       Total |   .07515054       111  .000677032   Root MSE        =  
>   .02346

----------------------------------------------------------------------
> --------
      growth | Coefficient  Std. err.      t    P>|t|     [95% conf. i
> nterval]
-------------+--------------------------------------------------------
> --------
     ext_bal |   .0046633    .002717     1.72   0.089    -.0007259    
> .0100524
   inflation |   .1014717   .0587471     1.73   0.087    -.0150529    
> .2179964
     tot_emp |  -.0034257   .0023111    -1.48   0.141    -.0080099    
> .0011584
competitiv~c |  -.1864272   .1075442    -1.73   0.086    -.3997407    
> .0268863
presidential |   .0011235   .0028978     0.39   0.699    -.0046243    
> .0068712
   stability |   .0072469   .0037829     1.92   0.058    -.0002564    
> .0147502
effectiven~s |   .0015708   .0100658     0.16   0.876    -.0183947    
> .0215364
  regulation |  -.0066329   .0077858    -0.85   0.396    -.0220761    
> .0088102
         law |  -.0091719    .009141    -1.00   0.318     -.027303    
> .0089592
       _cons |     .06516   .0160388     4.06   0.000     .0333471    
>  .096973
----------------------------------------------------------------------
> --------

.         regress growth ext_bal inflation tot_emp competitiveness_exe
> c presidential stability effectiveness regulation law if wave == 1

      Source |       SS           df       MS      Number of obs   =  
>      112
-------------+----------------------------------   F(9, 102)       =  
>    10.64
       Model |  .048006369         9  .005334041   Prob > F        =  
>   0.0000
    Residual |  .051153441       102  .000501504   R-squared       =  
>   0.4841
-------------+----------------------------------   Adj R-squared   =  
>   0.4386
       Total |   .09915981       111  .000893332   Root MSE        =  
>   .02239

----------------------------------------------------------------------
> --------
      growth | Coefficient  Std. err.      t    P>|t|     [95% conf. i
> nterval]
-------------+--------------------------------------------------------
> --------
     ext_bal |   -.005512   .0020795    -2.65   0.009    -.0096366   -
> .0013874
   inflation |  -.0091665   .0016492    -5.56   0.000    -.0124377   -
> .0058953
     tot_emp |  -.0054887   .0021723    -2.53   0.013    -.0097975    
>  -.00118
competitiv~c |   .0025745   .0015721     1.64   0.105    -.0005437    
> .0056927
presidential |  -.0060948   .0025555    -2.38   0.019    -.0111636    
> -.001026
   stability |   .0026718     .00403     0.66   0.509    -.0053216    
> .0106652
effectiven~s |   .0026225   .0081566     0.32   0.748    -.0135561    
> .0188011
  regulation |   .0040257   .0060043     0.67   0.504    -.0078839    
> .0159353
         law |  -.0033946   .0073893    -0.46   0.647    -.0180513    
> .0112621
       _cons |   .0213435   .0021639     9.86   0.000     .0170513    
> .0256357
----------------------------------------------------------------------
> --------

.         predict growth_hat_ridge, xb

.         egen mse_ridge= total((growth_hat_ridge - growth)^2), by(wav
> e)

. 
. * Lasso Regression
. 
.         regress growth ext_bal inflation tot_emp competitiveness_exe
> c presidential stability effectiveness regulation law if wave == 2

      Source |       SS           df       MS      Number of obs   =  
>      112
-------------+----------------------------------   F(9, 102)       =  
>     3.84
       Model |  .019028323         9  .002114258   Prob > F        =  
>   0.0003
    Residual |  .056122217       102  .000550218   R-squared       =  
>   0.2532
-------------+----------------------------------   Adj R-squared   =  
>   0.1873
       Total |   .07515054       111  .000677032   Root MSE        =  
>   .02346

----------------------------------------------------------------------
> --------
      growth | Coefficient  Std. err.      t    P>|t|     [95% conf. i
> nterval]
-------------+--------------------------------------------------------
> --------
     ext_bal |   .0046633    .002717     1.72   0.089    -.0007259    
> .0100524
   inflation |   .1014717   .0587471     1.73   0.087    -.0150529    
> .2179964
     tot_emp |  -.0034257   .0023111    -1.48   0.141    -.0080099    
> .0011584
competitiv~c |  -.1864272   .1075442    -1.73   0.086    -.3997407    
> .0268863
presidential |   .0011235   .0028978     0.39   0.699    -.0046243    
> .0068712
   stability |   .0072469   .0037829     1.92   0.058    -.0002564    
> .0147502
effectiven~s |   .0015708   .0100658     0.16   0.876    -.0183947    
> .0215364
  regulation |  -.0066329   .0077858    -0.85   0.396    -.0220761    
> .0088102
         law |  -.0091719    .009141    -1.00   0.318     -.027303    
> .0089592
       _cons |     .06516   .0160388     4.06   0.000     .0333471    
>  .096973
----------------------------------------------------------------------
> --------

.         regress growth ext_bal inflation tot_emp competitiveness_exe
> c presidential stability effectiveness regulation law if wave == 1

      Source |       SS           df       MS      Number of obs   =  
>      112
-------------+----------------------------------   F(9, 102)       =  
>    10.64
       Model |  .048006369         9  .005334041   Prob > F        =  
>   0.0000
    Residual |  .051153441       102  .000501504   R-squared       =  
>   0.4841
-------------+----------------------------------   Adj R-squared   =  
>   0.4386
       Total |   .09915981       111  .000893332   Root MSE        =  
>   .02239

----------------------------------------------------------------------
> --------
      growth | Coefficient  Std. err.      t    P>|t|     [95% conf. i
> nterval]
-------------+--------------------------------------------------------
> --------
     ext_bal |   -.005512   .0020795    -2.65   0.009    -.0096366   -
> .0013874
   inflation |  -.0091665   .0016492    -5.56   0.000    -.0124377   -
> .0058953
     tot_emp |  -.0054887   .0021723    -2.53   0.013    -.0097975    
>  -.00118
competitiv~c |   .0025745   .0015721     1.64   0.105    -.0005437    
> .0056927
presidential |  -.0060948   .0025555    -2.38   0.019    -.0111636    
> -.001026
   stability |   .0026718     .00403     0.66   0.509    -.0053216    
> .0106652
effectiven~s |   .0026225   .0081566     0.32   0.748    -.0135561    
> .0188011
  regulation |   .0040257   .0060043     0.67   0.504    -.0078839    
> .0159353
         law |  -.0033946   .0073893    -0.46   0.647    -.0180513    
> .0112621
       _cons |   .0213435   .0021639     9.86   0.000     .0170513    
> .0256357
----------------------------------------------------------------------
> --------

.         predict growth_hat_lasso, xb

.         egen mse_lasso= total((growth_hat_lasso - growth)^2), by(wav
> e)

.         
. * Random forest
. 
. 
.         regress growth presidential inflation fem_emp corruption par
> liamentary effectiveness lexp       regulation if wave == 2

      Source |       SS           df       MS      Number of obs   =  
>      112
-------------+----------------------------------   F(8, 103)       =  
>     4.29
       Model |  .018794686         8  .002349336   Prob > F        =  
>   0.0002
    Residual |  .056355854       103  .000547144   R-squared       =  
>   0.2501
-------------+----------------------------------   Adj R-squared   =  
>   0.1918
       Total |   .07515054       111  .000677032   Root MSE        =  
>   .02339

----------------------------------------------------------------------
> --------
      growth | Coefficient  Std. err.      t    P>|t|     [95% conf. i
> nterval]
-------------+--------------------------------------------------------
> --------
presidential |  -.0022619   .0047568    -0.48   0.635     -.011696    
> .0071721
   inflation |   .0723104   .0567443     1.27   0.205    -.0402285    
> .1848492
     fem_emp |  -.0004491   .0024651    -0.18   0.856    -.0053381    
> .0044399
  corruption |  -.0078962   .0071766    -1.10   0.274    -.0221294    
>  .006337
parliament~y |  -.0077375    .005111    -1.51   0.133     -.017874    
> .0023989
effectiven~s |   .0026571   .0106717     0.25   0.804    -.0185076    
> .0238219
        lexp |   .0085255   .0032489     2.62   0.010     .0020821    
> .0149688
  regulation |  -.0056936   .0073853    -0.77   0.443    -.0203406    
> .0089535
       _cons |   .0456733    .011634     3.93   0.000     .0226001    
> .0687465
----------------------------------------------------------------------
> --------

.         regress growth presidential inflation fem_emp corruption par
> liamentary effectiveness lexp regulation if wave == 1

      Source |       SS           df       MS      Number of obs   =  
>      112
-------------+----------------------------------   F(8, 103)       =  
>    10.20
       Model |    .0438369         8  .005479613   Prob > F        =  
>   0.0000
    Residual |  .055322909       103  .000537116   R-squared       =  
>   0.4421
-------------+----------------------------------   Adj R-squared   =  
>   0.3988
       Total |   .09915981       111  .000893332   Root MSE        =  
>   .02318

----------------------------------------------------------------------
> --------
      growth | Coefficient  Std. err.      t    P>|t|     [95% conf. i
> nterval]
-------------+--------------------------------------------------------
> --------
presidential |  -.0085528   .0035978    -2.38   0.019    -.0156883   -
> .0014174
   inflation |  -.0095015   .0017859    -5.32   0.000    -.0130433   -
> .0059596
     fem_emp |  -.0055752   .0024957    -2.23   0.028    -.0105248   -
> .0006256
  corruption |  -.0050784   .0071838    -0.71   0.481    -.0193257    
> .0091689
parliament~y |  -.0034069   .0040259    -0.85   0.399    -.0113914    
> .0045775
effectiven~s |   .0072625   .0093853     0.77   0.441     -.011351    
>  .025876
        lexp |   .0011197   .0040524     0.28   0.783    -.0069174    
> .0091567
  regulation |   .0026344   .0062965     0.42   0.677    -.0098532    
> .0151221
       _cons |    .021572    .002299     9.38   0.000     .0170125    
> .0261316
----------------------------------------------------------------------
> --------

.         predict growth_hat_rforest, xb

.         egen mse_rforest= total((growth_hat_rforest - growth)^2), by
> (wave)

. 
. * Naive Prediction
. 
.         summarize growth_hat_lasso if wave == 1

    Variable |        Obs        Mean    Std. dev.       Min        Ma
> x
-------------+--------------------------------------------------------
> -
growth_hat~o |        112    .0202264    .0207964  -.0609598   .061810
> 7

.         generate growth_hat_naive = r(mean)

.         egen mse_naive = total((growth_hat_naive -  growth)^2), by(w
> ave)

. 
. * Kitchen Sink
. 
.         regress growth ln_y-corruption if wave == 1

      Source |       SS           df       MS      Number of obs   =  
>      112
-------------+----------------------------------   F(27, 84)       =  
>     4.96
       Model |  .060939601        27  .002257022   Prob > F        =  
>   0.0000
    Residual |  .038220209        84  .000455002   R-squared       =  
>   0.6146
-------------+----------------------------------   Adj R-squared   =  
>   0.4907
       Total |   .09915981       111  .000893332   Root MSE        =  
>   .02133

----------------------------------------------------------------------
> --------
      growth | Coefficient  Std. err.      t    P>|t|     [95% conf. i
> nterval]
-------------+--------------------------------------------------------
> --------
        ln_y |  -.0287351    .006903    -4.16   0.000    -.0424625   -
> .0150077
          hc |   .0006853   .0052723     0.13   0.897    -.0097992    
> .0111699
     gvmnt_c |  -.0011593   .0028242    -0.41   0.682    -.0067756    
> .0044569
         gcf |  -.0005346   .0022826    -0.23   0.815    -.0050739    
> .0040047
     ext_bal |  -.0030055   .0028442    -1.06   0.294    -.0086615    
> .0026506
       trade |  -.0001606   .0028969    -0.06   0.956    -.0059214    
> .0056002
   inflation |  -.0071409   .0022809    -3.13   0.002    -.0116767   -
> .0026052
     fem_emp |  -.0059311   .0078447    -0.76   0.452    -.0215312    
> .0096689
     tot_emp |  -.0006344   .0074492    -0.09   0.932    -.0154479    
> .0141792
    inf_mort |  -.0106286   .0080456    -1.32   0.190    -.0266282    
>  .005371
        lexp |  -.0040451   .0084223    -0.48   0.632    -.0207938    
> .0127036
         tfr |  -.0074847   .0125364    -0.60   0.552    -.0324148    
> .0174453
 age_dep_old |  -.0016225   .0058066    -0.28   0.781    -.0131696    
> .0099247
age_dep_yo~g |   .0033614   .0125967     0.27   0.790    -.0216885    
> .0284114
       urban |   .0073674   .0039129     1.88   0.063    -.0004139    
> .0151487
     yrsoffc |  -.0009624   .0027583    -0.35   0.728    -.0064476    
> .0045229
    military |   .0013811   .0025702     0.54   0.592    -.0037301    
> .0064923
competitiv~g |  -.0250747   .1637741    -0.15   0.879    -.3507575    
>  .300608
competitiv~c |   .0257956   .1639061     0.16   0.875    -.3001496    
> .3517408
parliament~y |   .0009673   .0044949     0.22   0.830    -.0079713    
> .0099059
presidential |  -.0067144   .0040371    -1.66   0.100    -.0147427    
> .0013139
       voice |  -.0040256   .0056435    -0.71   0.478    -.0152484    
> .0071972
   stability |   .0030457   .0043945     0.69   0.490    -.0056932    
> .0117847
effectiven~s |   .0144436   .0100114     1.44   0.153    -.0054651    
> .0343524
  regulation |    .004909   .0064663     0.76   0.450      -.00795    
> .0177681
         law |   .0005494   .0092247     0.06   0.953    -.0177951    
> .0188938
  corruption |  -.0019822   .0076498    -0.26   0.796    -.0171946    
> .0132303
       _cons |   .0209041   .0024328     8.59   0.000     .0160662    
> .0257419
----------------------------------------------------------------------
> --------

.         predict growth_hat_sink, xb

.         egen mse_sink = total((growth_hat_sink -  growth)^2), by(wav
> e)

.         bysort wave: generate count = _n

.         keep if count == 1
(222 observations deleted)

.         drop count

.         keep wave mse*

. 
. 
. save "$outputpath/exercise2.dta", replace
(file Analysis/Output/exercise2.dta not found)
file Analysis/Output/exercise2.dta saved

. 
. log close
      name:  <unnamed>
       log:  /Users/gizemkilicgedik/Desktop/AppliedEmpirical/task_5/ex
> ercise2.log
  log type:  text
 closed on:   3 Oct 2023, 16:26:18
----------------------------------------------------------------------
